<?xml version="1.0" encoding="UTF-8"?>
<testsuite name="net.serenity.bdd.junit.cucumber.Runner" time="0" tests="7" errors="0" skipped="2" failures="0">
  <properties>
    <property name="java.runtime.name" value="Java(TM) SE Runtime Environment"/>
    <property name="sun.boot.library.path" value="C:\Program Files\Java\jdk1.8.0_121\jre\bin"/>
    <property name="java.vm.version" value="25.121-b13"/>
    <property name="java.vm.vendor" value="Oracle Corporation"/>
    <property name="maven.multiModuleProjectDirectory" value="C:\Users\Moklasur\workspace\SerenityFramework"/>
    <property name="java.vendor.url" value="http://java.oracle.com/"/>
    <property name="path.separator" value=";"/>
    <property name="guice.disable.misplaced.annotation.check" value="true"/>
    <property name="java.vm.name" value="Java HotSpot(TM) 64-Bit Server VM"/>
    <property name="file.encoding.pkg" value="sun.io"/>
    <property name="user.script" value=""/>
    <property name="user.country" value="US"/>
    <property name="sun.java.launcher" value="SUN_STANDARD"/>
    <property name="sun.os.patch.level" value=""/>
    <property name="java.vm.specification.name" value="Java Virtual Machine Specification"/>
    <property name="user.dir" value="C:\Users\Moklasur\workspace\SerenityFramework"/>
    <property name="java.runtime.version" value="1.8.0_121-b13"/>
    <property name="java.awt.graphicsenv" value="sun.awt.Win32GraphicsEnvironment"/>
    <property name="java.endorsed.dirs" value="C:\Program Files\Java\jdk1.8.0_121\jre\lib\endorsed"/>
    <property name="os.arch" value="amd64"/>
    <property name="java.io.tmpdir" value="C:\Users\Moklasur\AppData\Local\Temp\"/>
    <property name="line.separator" value="&#10;"/>
    <property name="java.vm.specification.vendor" value="Oracle Corporation"/>
    <property name="user.variant" value=""/>
    <property name="os.name" value="Windows 10"/>
    <property name="classworlds.conf" value="C:\Users\Moklasur\workspace\.metadata\.plugins\org.eclipse.m2e.launching\launches\m2conf5227546013344519379.tmp"/>
    <property name="sun.jnu.encoding" value="Cp1252"/>
    <property name="java.library.path" value="C:\Program Files\Java\jdk1.8.0_121\bin;C:\WINDOWS\Sun\Java\bin;C:\WINDOWS\system32;C:\WINDOWS;C:/Program Files/Java/jre1.8.0_121/bin/server;C:/Program Files/Java/jre1.8.0_121/bin;C:/Program Files/Java/jre1.8.0_121/lib/amd64;C:\oraclexe\app\oracle\product\11.2.0\server\bin;;C:\ProgramData\Oracle\Java\javapath;C:\SeleniumWebdrivers;C:\Program Files\Java\jdk1.7.0_71\bin;C:\seleniumframework\phantomjs-2.0.0-windows;C:\Program Files\Git\cmd;C:\Program Files (x86)\Notepad++;C:\Development\apache-maven-3.3.9\bin;C:\WINDOWS\system32;C:\WINDOWS;C:\WINDOWS\System32\Wbem;C:\WINDOWS\System32\WindowsPowerShell\v1.0\;C:\gradle-3.1\bin;C:\RubyDevkit\bin;C:\Ruby22\bin;C:\RubyGems;C:\Program Files (x86)\Skype\Phone\;C:\PostgreSQL\pg96\bin;C:\HashiCorp\Vagrant\bin;C:\Program Files (x86)\HPE\Unified Functional Testing\bin;C:\Ruby22\bin;C:\SeleniumWebdrivers;C:\Program Files\Apache Software Foundation\apache-maven-3.3.9\bin;C:\Users\Moklasur\AppData\Local\Microsoft\WindowsApps;C:\Program Files\Java\jdk1.8.0_121\bin;C:\RubyGems;C:\RubyDevkit\bin;C:\SeleniumWebdrivers\geckodriver.exe;C:\Android\sdk\platform-tools;C:\Android\sdk\tools;C:\Program Files\DockerToolbox;C:\Program Files\Docker Toolbox;;C:\Program Files\eclipse;;."/>
    <property name="java.specification.name" value="Java Platform API Specification"/>
    <property name="java.class.version" value="52.0"/>
    <property name="sun.management.compiler" value="HotSpot 64-Bit Tiered Compilers"/>
    <property name="os.version" value="10.0"/>
    <property name="user.home" value="C:\Users\Moklasur"/>
    <property name="user.timezone" value="America/New_York"/>
    <property name="java.awt.printerjob" value="sun.awt.windows.WPrinterJob"/>
    <property name="java.specification.version" value="1.8"/>
    <property name="file.encoding" value="Cp1252"/>
    <property name="user.name" value="Moklasur"/>
    <property name="java.class.path" value="/C:/Program Files/eclipse/plugins/org.eclipse.m2e.maven.runtime_1.7.0.20160603-1931/jars/plexus-classworlds-2.5.2.jar"/>
    <property name="java.vm.specification.version" value="1.8"/>
    <property name="sun.arch.data.model" value="64"/>
    <property name="java.home" value="C:\Program Files\Java\jdk1.8.0_121\jre"/>
    <property name="sun.java.command" value="org.codehaus.plexus.classworlds.launcher.Launcher -B clean verify"/>
    <property name="java.specification.vendor" value="Oracle Corporation"/>
    <property name="user.language" value="en"/>
    <property name="awt.toolkit" value="sun.awt.windows.WToolkit"/>
    <property name="java.vm.info" value="mixed mode"/>
    <property name="java.version" value="1.8.0_121"/>
    <property name="java.ext.dirs" value="C:\Program Files\Java\jdk1.8.0_121\jre\lib\ext;C:\WINDOWS\Sun\Java\lib\ext"/>
    <property name="sun.boot.class.path" value="C:\Program Files\Java\jdk1.8.0_121\jre\lib\resources.jar;C:\Program Files\Java\jdk1.8.0_121\jre\lib\rt.jar;C:\Program Files\Java\jdk1.8.0_121\jre\lib\sunrsasign.jar;C:\Program Files\Java\jdk1.8.0_121\jre\lib\jsse.jar;C:\Program Files\Java\jdk1.8.0_121\jre\lib\jce.jar;C:\Program Files\Java\jdk1.8.0_121\jre\lib\charsets.jar;C:\Program Files\Java\jdk1.8.0_121\jre\lib\jfr.jar;C:\Program Files\Java\jdk1.8.0_121\jre\classes"/>
    <property name="java.vendor" value="Oracle Corporation"/>
    <property name="maven.home" value="C:\Users\Moklasur\workspace\SerenityFramework\EMBEDDED"/>
    <property name="file.separator" value="\"/>
    <property name="java.vendor.url.bug" value="http://bugreport.sun.com/bugreport/"/>
    <property name="sun.cpu.endian" value="little"/>
    <property name="sun.io.unicode.encoding" value="UnicodeLittle"/>
    <property name="sun.desktop" value="windows"/>
    <property name="sun.cpu.isalist" value="amd64"/>
  </properties>
  <testcase name="Given User navigate to Bug Tracker Login Page" classname="Scenario: Happy Path" time="0">
    <skipped/>
    <system-out><![CDATA[Feature: BugTracker App
]]></system-out>
    <system-err><![CDATA[62 [main] INFO net.thucydides.core.util.PropertiesFileLocalPreferences - LOADING LOCAL PROPERTIES FROM C:\Users\Moklasur\workspace\SerenityFramework\serenity.properties 
62 [main] INFO net.thucydides.core.util.PropertiesFileLocalPreferences - LOADING LOCAL PROPERTIES FROM C:\Users\Moklasur\workspace\SerenityFramework\serenity.properties 
63 [main] INFO net.thucydides.core.util.PropertiesFileLocalPreferences - LOADING LOCAL PROPERTIES FROM C:\Users\Moklasur\workspace\SerenityFramework\serenity.properties 
65 [main] INFO net.thucydides.core.util.PropertiesFileLocalPreferences - webdriver.base.url=http://apex.oracletool.com:4565/apex/ws?p=103:home
65 [main] INFO net.thucydides.core.util.PropertiesFileLocalPreferences - serenity.browser,width=1200
65 [main] INFO net.thucydides.core.util.PropertiesFileLocalPreferences - serenity.verbose.screenshots=true
65 [main] INFO net.thucydides.core.util.PropertiesFileLocalPreferences - serenity.report.show.manual.tests=true
65 [main] INFO net.thucydides.core.util.PropertiesFileLocalPreferences - serenity.jira.workflow.active=true
65 [main] INFO net.thucydides.core.util.PropertiesFileLocalPreferences - serenity.project.name=Serenity BDD Cucumber Project
65 [main] INFO net.thucydides.core.util.PropertiesFileLocalPreferences - jira.project=serenityProj
65 [main] INFO net.thucydides.core.util.PropertiesFileLocalPreferences - serenity.project.key=SER
65 [main] INFO net.thucydides.core.util.PropertiesFileLocalPreferences - serenity.browser,height=1500
66 [main] INFO net.thucydides.core.util.PropertiesFileLocalPreferences - serenity.take.screenshots=FOR_EACH_ACTION
66 [main] INFO net.thucydides.core.util.PropertiesFileLocalPreferences - serenity.console.colors=true
66 [main] INFO net.thucydides.core.util.PropertiesFileLocalPreferences - jira.password=Password01
66 [main] INFO net.thucydides.core.util.PropertiesFileLocalPreferences - serenity.requirement.types=epic, feature
66 [main] INFO net.thucydides.core.util.PropertiesFileLocalPreferences - serenity.use.unique.browser=false
66 [main] INFO net.thucydides.core.util.PropertiesFileLocalPreferences - jira.url=http://localhost:8080/
66 [main] INFO net.thucydides.core.util.PropertiesFileLocalPreferences - serenity.public.url=http://sneha-pc:8082/job/SrenityBddDemo/HTML_Report/
66 [main] INFO net.thucydides.core.util.PropertiesFileLocalPreferences - serenity.verbose.steps=true
66 [main] INFO net.thucydides.core.util.PropertiesFileLocalPreferences - jira.username=serenitytraining
66 [main] INFO net.thucydides.core.util.PropertiesFileLocalPreferences - webdriver.driver=chrome
66 [main] INFO net.thucydides.core.util.PropertiesFileLocalPreferences - webdriver.wait.for.timeout=50000
66 [main] INFO net.thucydides.core.util.PropertiesFileLocalPreferences - webdriver.timeouts.implicitlywait=50000
550 [main] INFO net.thucydides.core.webdriver.SystemPropertiesConfiguration - project.build.directory : null
550 [main] INFO net.thucydides.core.webdriver.SystemPropertiesConfiguration - project.reporting.OutputDirectory : null
552 [main] INFO net.thucydides.core.webdriver.SystemPropertiesConfiguration - OutputDirectory : C:\Users\Moklasur\workspace\SerenityFramework\target\site\serenity
558 [main] INFO net.serenitybdd.core.Serenity - &amp#27;[96m

-------------------------------------------------------------------------------------
     _______. _______ .______       _______ .__   __.  __  .___________.____    ____ 
    /       ||   ____||   _  \     |   ____||  \ |  | |  | |           |\   \  /   / 
   |   (----`|  |__   |  |_)  |    |  |__   |   \|  | |  | `---|  |----` \   \/   /  
    \   \    |   __|  |      /     |   __|  |  . `  | |  |     |  |       \_    _/   
.----)   |   |  |____ |  |\  \----.|  |____ |  |\   | |  |     |  |         |  |     
|_______/    |_______|| _| `._____||_______||__| \__| |__|     |__|         |__|    
-------------------------------------------------------------------------------------
&amp#27;[0m
609 [main] INFO net.thucydides.core.util.PropertiesFileLocalPreferences - LOADING LOCAL PROPERTIES FROM C:\Users\Moklasur\workspace\SerenityFramework\serenity.properties 
610 [main] INFO net.thucydides.core.util.PropertiesFileLocalPreferences - LOADING LOCAL PROPERTIES FROM C:\Users\Moklasur\workspace\SerenityFramework\serenity.properties 
611 [main] INFO net.thucydides.core.util.PropertiesFileLocalPreferences - LOADING LOCAL PROPERTIES FROM C:\Users\Moklasur\workspace\SerenityFramework\serenity.properties 
659 [main] INFO net.thucydides.core.util.PropertiesFileLocalPreferences - LOADING LOCAL PROPERTIES FROM C:\Users\Moklasur\workspace\SerenityFramework\serenity.properties 
659 [main] INFO net.thucydides.core.util.PropertiesFileLocalPreferences - LOADING LOCAL PROPERTIES FROM C:\Users\Moklasur\workspace\SerenityFramework\serenity.properties 
660 [main] INFO net.thucydides.core.util.PropertiesFileLocalPreferences - LOADING LOCAL PROPERTIES FROM C:\Users\Moklasur\workspace\SerenityFramework\serenity.properties 
661 [main] INFO net.thucydides.core.util.PropertiesFileLocalPreferences - webdriver.base.url=http://apex.oracletool.com:4565/apex/ws?p=103:home
662 [main] INFO net.thucydides.core.util.PropertiesFileLocalPreferences - serenity.browser,width=1200
662 [main] INFO net.thucydides.core.util.PropertiesFileLocalPreferences - serenity.verbose.screenshots=true
662 [main] INFO net.thucydides.core.util.PropertiesFileLocalPreferences - serenity.report.show.manual.tests=true
662 [main] INFO net.thucydides.core.util.PropertiesFileLocalPreferences - serenity.jira.workflow.active=true
662 [main] INFO net.thucydides.core.util.PropertiesFileLocalPreferences - serenity.project.name=Serenity BDD Cucumber Project
662 [main] INFO net.thucydides.core.util.PropertiesFileLocalPreferences - jira.project=serenityProj
663 [main] INFO net.thucydides.core.util.PropertiesFileLocalPreferences - serenity.project.key=SER
663 [main] INFO net.thucydides.core.util.PropertiesFileLocalPreferences - serenity.browser,height=1500
663 [main] INFO net.thucydides.core.util.PropertiesFileLocalPreferences - serenity.take.screenshots=FOR_EACH_ACTION
663 [main] INFO net.thucydides.core.util.PropertiesFileLocalPreferences - serenity.console.colors=true
663 [main] INFO net.thucydides.core.util.PropertiesFileLocalPreferences - jira.password=Password01
663 [main] INFO net.thucydides.core.util.PropertiesFileLocalPreferences - serenity.requirement.types=epic, feature
663 [main] INFO net.thucydides.core.util.PropertiesFileLocalPreferences - serenity.use.unique.browser=false
663 [main] INFO net.thucydides.core.util.PropertiesFileLocalPreferences - jira.url=http://localhost:8080/
664 [main] INFO net.thucydides.core.util.PropertiesFileLocalPreferences - serenity.public.url=http://sneha-pc:8082/job/SrenityBddDemo/HTML_Report/
664 [main] INFO net.thucydides.core.util.PropertiesFileLocalPreferences - serenity.verbose.steps=true
664 [main] INFO net.thucydides.core.util.PropertiesFileLocalPreferences - jira.username=serenitytraining
664 [main] INFO net.thucydides.core.util.PropertiesFileLocalPreferences - webdriver.driver=chrome
665 [main] INFO net.thucydides.core.util.PropertiesFileLocalPreferences - webdriver.wait.for.timeout=50000
665 [main] INFO net.thucydides.core.util.PropertiesFileLocalPreferences - webdriver.timeouts.implicitlywait=50000
1058 [main] INFO net.thucydides.core.util.PropertiesFileLocalPreferences - LOADING LOCAL PROPERTIES FROM C:\Users\Moklasur\workspace\SerenityFramework\serenity.properties 
1059 [main] INFO net.thucydides.core.util.PropertiesFileLocalPreferences - LOADING LOCAL PROPERTIES FROM C:\Users\Moklasur\workspace\SerenityFramework\serenity.properties 
1060 [main] INFO net.thucydides.core.util.PropertiesFileLocalPreferences - LOADING LOCAL PROPERTIES FROM C:\Users\Moklasur\workspace\SerenityFramework\serenity.properties 
1541 [main] INFO net.thucydides.core.steps.StepEventBus - Registering custom listener net.serenitybdd.plugins.jira.JiraListener@210386e0
1542 [main] INFO net.serenitybdd.core.Serenity - Test Suite Started: BugTracker App
1654 [main] INFO net.serenitybdd.core.Serenity - 
 _____ _____ ____ _____   ____ _____  _    ____ _____ _____ ____  
|_   _| ____/ ___|_   _| / ___|_   _|/ \  |  _ \_   _| ____|  _ \ 
  | | |  _| \___ \ | |   \___ \ | | / _ \ | |_) || | |  _| | | | |
  | | | |___ ___) || |    ___) || |/ ___ \|  _ < | | | |___| |_| |
  |_| |_____|____/ |_|   |____/ |_/_/   \_\_| \_\|_| |_____|____/ 
                                                                  

TEST STARTED: Happy Path
-------------------------------------------------------------------
1685 [main] INFO net.thucydides.core.webdriver.SystemPropertiesConfiguration - project.build.directory : null
1685 [main] INFO net.thucydides.core.webdriver.SystemPropertiesConfiguration - project.reporting.OutputDirectory : null
1686 [main] INFO net.thucydides.core.webdriver.SystemPropertiesConfiguration - OutputDirectory : C:\Users\Moklasur\workspace\SerenityFramework\target\site\serenity
]]></system-err>
  </testcase>
  <testcase name="Scenario: Happy Path" classname="Scenario: Happy Path" time="0">
    <skipped/>
    <system-err><![CDATA[1842 [main] INFO net.serenitybdd.core.Serenity - &amp#27;[96mTEST PENDING&amp#27;[0m
1843 [main] INFO net.serenitybdd.core.Serenity - &amp#27;[96m
          __  _____ _____ ____ _____   ____  _____ _   _ ____ ___ _   _  ____ 
 _       / / |_   _| ____/ ___|_   _| |  _ \| ____| \ | |  _ \_ _| \ | |/ ___|
(_)____ / /    | | |  _| \___ \ | |   | |_) |  _| |  \| | | | | ||  \| | |  _ 
 |_____/ /     | | | |___ ___) || |   |  __/| |___| |\  | |_| | || |\  | |_| |
(_)   /_/      |_| |_____|____/ |_|   |_|   |_____|_| \_|____/___|_| \_|\____|
                                                                                

TEST PENDING: Happy Path
---------------------------------------------------------------------------------&amp#27;[0m
]]></system-err>
  </testcase>
  <testcase name="Scenario: Happy Path" classname="Scenario: Happy Path" time="5.144"/>
  <testcase name="Scenario: Happy Path" classname="Scenario: Happy Path" time="0.549"/>
  <testcase name="Given User navigate to Simple Web Sheet Login Page" classname="Scenario: Happy Path" time="0"/>
  <testcase name="When User Sing In with Valid user name and valid password" classname="Scenario: Happy Path" time="0"/>
  <testcase name="Then User do some administrative work on Dashbord" classname="Scenario: Happy Path" time="0"/>
</testsuite>